<?xml version="1.0" encoding="UTF-8"?>
<!-- Generated by org.testng.reporters.JUnitReportReporter -->
<testsuite hostname="DESKTOP-NVMCI6D" failures="0" tests="1" name="com.w2a.testcases.loginTest" time="0.229" errors="0" timestamp="2025-07-18T17:14:55 IST" skipped="0">
  <testcase classname="com.w2a.testcases.loginTest" name="loginAsBankmanger" time="0.229"/>
  <system-out/>
</testsuite> <!-- com.w2a.testcases.loginTest -->
