<?xml version="1.0" encoding="UTF-8"?>
<!-- Generated by org.testng.reporters.JUnitReportReporter -->
<testsuite hostname="DESKTOP-NVMCI6D" failures="0" tests="2" name="com.w2a.testcases.AddCustomerTest" time="15.209" errors="0" timestamp="2025-07-18T19:12:02 IST" skipped="0">
  <testcase classname="com.w2a.testcases.AddCustomerTest" name="addCustomer" time="12.486"/>
  <system-out/>
  <testcase classname="com.w2a.testcases.AddCustomerTest" name="addCustomer" time="2.723"/>
  <system-out/>
</testsuite> <!-- com.w2a.testcases.AddCustomerTest -->
