<?xml version="1.0" encoding="UTF-8"?>
<!-- Generated by org.testng.reporters.JUnitReportReporter -->
<testsuite hostname="DESKTOP-NVMCI6D" failures="0" tests="1" name="com.w2a.testcases.BankManagerLoginTest" time="0.247" errors="0" timestamp="2025-07-18T19:12:02 IST" skipped="0">
  <testcase classname="com.w2a.testcases.BankManagerLoginTest" name="loginAsBankmanger" time="0.247"/>
  <system-out/>
</testsuite> <!-- com.w2a.testcases.BankManagerLoginTest -->
