<?xml version="1.0" encoding="UTF-8"?>
<!-- Generated by org.testng.reporters.JUnitReportReporter -->
<testsuite hostname="DESKTOP-NVMCI6D" failures="0" tests="1" name="com.w2a.testcases.EyeglassesTest" time="22.944" errors="0" timestamp="2025-08-04T20:35:05 IST" skipped="0">
  <testcase classname="com.w2a.testcases.EyeglassesTest" name="navigateToRectangleFrames" time="22.944"/>
  <system-out/>
</testsuite> <!-- com.w2a.testcases.EyeglassesTest -->
